QUERY 
SELECT `color`.`id` as `key`,`value` as `value` FROM  `color` INNER JOIN color_ml ON (`color`.`id` = `color_ml`.`id` AND `color_ml`.`lng_id`=5) ;
===========================

ERROR NO 	777
ERROR MESSAGE / OR DURATION  
2.09026193619
===========================

File => /home/transinf/public_html/cls/Core/db.class.php	 LINE 	60
File => /home/transinf/public_html/cls/Core/db.class.php	 LINE 	185
File => /home/transinf/public_html/cls/Front/front.class.php	 LINE 	747
File => /home/transinf/public_html/cls/Front/front.class.php	 LINE 	62
File => /home/transinf/public_html/index.php	 LINE 	10h`,`offers`.`filed_milage`,`offers`.`filed_milage_kayficent`,`offers`.`filed_price`,`offers`.`filed_currency`,`offers`.`filed_color`,`offers`.`filed_metalic`,`offers`.`filed_customs`,`offers`.`filed_interchange`,`offers`.`filed_credit`,`offers`.`position`,`offers`.`siteuser`,`offers`.`description`,`offers`.`phone1`,`offers`.`phone2`,`offers`.`dealer`,`offers`.`filed_srtat_date`,`offers`.`filed_end_date`,`offers`.`filed_duration`,`offers`.`isnew`,`offers`.`filed_state`,`offers`.`intop`,`offers`.`filed_engine_power`,`offers`.`service_price`,`offers`.`price_usd`,`offers`.`modify_date`,`offers`.`filed_location`,`offers`.`view_count` FROM   `offers`  
 WHERE `active` = 1 AND `name` = 'тагаз' 
===========================

ERROR NO 	777
ERROR MESSAGE / OR DURATION  
2.07644510269
===========================

File => /home/transinf/public_html/cls/Core/db.class.php	 LINE 	60
File => /home/transinf/public_html/cls/Core/db.class.php	 LINE 	242
File => /home/transinf/public_html/cls/Front/frontEnd.class.php	 LINE 	48
File => /home/transinf/public_html/cls/Front/front.class.php	 LINE 	15
File => /home/transinf/public_html/index.php	 LINE 	10