QUERY 
 		SELECT 	 
							count(offers.id) as `qty`
				                  
				        FROM offers
				                  inner JOIN brandmodel    as brand   ON          (`brand`.`id` = `offers`.`filed_car_brand` )
				                  LEFT JOIN brandmodel    as model   ON          (`model`.`id` = `offers`.`filed_car_brand_model` )
				        		  LEFT JOIN siteusers       ON          (`siteusers`.`id` = `offers`.`siteuser` )
				                  LEFT JOIN siteusers_ml    ON          (`siteusers`.`id` = `siteusers_ml`.`id`  AND  `siteusers_ml`.`lng_id`=7)  
				        		 
		                   WHERE ((`filed_car_brand`=307 )) AND `service_price`  >=5352.82 AND `service_price`  <=21411.28 AND `filed_release_date_year` >='10121985'  AND `filed_release_date_year` <='10121985'  
===========================

ERROR NO 	777
ERROR MESSAGE / OR DURATION  
1.04434704781
===========================

File => /home/transinf/public_html/cls/Core/db.class.php	 LINE 	60
File => /home/transinf/public_html/cls/Core/db.class.php	 LINE 	390
File => /home/transinf/public_html/cls/Front/front.class.php	 LINE 	181
File => /home/transinf/public_html/cls/Content/feCars.class.php	 LINE 	337
File => /home/transinf/public_html/cls/Content/feCars.class.php	 LINE 	44
File => /home/transinf/public_html/cls/Front/front.class.php	 LINE 	82
File => /home/transinf/public_html/index.php	 LINE 	10