QUERY 

	SELECT 
	`coefficient_by_duration`.`coefficient_by_duration_coefficient` as `id`  ,
	`coefficient_by_duration_description`.`coefficient_by_duration_name` as `title` 
	
	FROM `coefficient_by_duration` LEFT JOIN  `coefficient_by_duration_description` USING(`coefficient_by_duration_id`) 
	WHERE `coefficient_by_duration_description`.`coefficient_by_duration_language_id` = '5' 
	
===========================

ERROR NO 	777
ERROR MESSAGE / OR DURATION  
15.6824171543
===========================

File => /home/transinf/public_html/cls/Core/db.class.php	 LINE 	60
File => /home/transinf/public_html/cls/Core/db.class.php	 LINE 	369
File => /home/transinf/public_html/inc/insert.inc	 LINE 	108
File => /home/transinf/public_html/cls/Smarty/internals/core.run_insert_handler.php	 LINE 	51
File => /home/transinf/public_html/template_c/%%35^35F^35FCD071%%appa.tpl.html.php	 LINE 	16
File => /home/transinf/public_html/cls/Smarty/Smarty.class.php	 LINE 	1869
File => /home/transinf/public_html/template_c/%%E8^E8C^E8C0AB83%%middle.tpl.html.php	 LINE 	10
File => /home/transinf/public_html/cls/Smarty/Smarty.class.php	 LINE 	1869
File => /home/transinf/public_html/template_c/%%DC^DCE^DCECB867%%body.tpl.html.php	 LINE 	8
File => /home/transinf/public_html/cls/Smarty/Smarty.class.php	 LINE 	1869
File => /home/transinf/public_html/template_c/%%5E^5ED^5ED718EC%%index.tpl.html.php	 LINE 	127
File => /home/transinf/public_html/cls/Smarty/Smarty.class.php	 LINE 	1263
File => /home/transinf/public_html/cls/Smarty/Smarty.class.php	 LINE 	1106
File => /home/transinf/public_html/index.php	 LINE 	23