QUERY 
 		SELECT 	 
							                
								  offers.*,
								  brand.alias as brandalias,
								  model.alias as modelalias,
								  CONCAT( brand.label,' ',model.label) as `brandmodel`,
				                  siteusers.login as login,
				                  siteusers.name  as saler,
				                  siteusers_ml.description as user_description,
				                  siteusers_ml.addres as user_addres
				                  
				                  
				                  
				        FROM offers
				                  inner JOIN brandmodel    as brand   ON          (`brand`.`id` = `offers`.`filed_car_brand` )
				                  LEFT JOIN brandmodel    as model   ON          (`model`.`id` = `offers`.`filed_car_brand_model` )
				        		  LEFT JOIN siteusers       ON          (`siteusers`.`id` = `offers`.`siteuser` )
				                  LEFT JOIN siteusers_ml    ON          (`siteusers`.`id` = `siteusers_ml`.`id`  AND  `siteusers_ml`.`lng_id`=5)
		                   WHERE  `brand`.`alias` = 'suzuki'  ORDER BY filed_engine ASC  LIMIT 7, 7 
===========================

ERROR NO 	777
ERROR MESSAGE / OR DURATION  
1.47286701202
===========================

File => /home/transinf/public_html/cls/Core/db.class.php	 LINE 	60
File => /home/transinf/public_html/cls/Core/db.class.php	 LINE 	369
File => /home/transinf/public_html/cls/Front/front.class.php	 LINE 	251
File => /home/transinf/public_html/cls/Content/feCars.class.php	 LINE 	158
File => /home/transinf/public_html/cls/Content/feCars.class.php	 LINE 	38
File => /home/transinf/public_html/cls/Front/front.class.php	 LINE 	82
File => /home/transinf/public_html/index.php	 LINE 	10