QUERY 
 		SELECT 	 
							count(offers.id) as `qty`
				                  
				        FROM offers
				                  inner JOIN brandmodel    as brand   ON          (`brand`.`id` = `offers`.`filed_car_brand` )
				                  LEFT JOIN brandmodel    as model   ON          (`model`.`id` = `offers`.`filed_car_brand_model` )
				        		  LEFT JOIN siteusers       ON          (`siteusers`.`id` = `offers`.`siteuser` )
				                  LEFT JOIN siteusers_ml    ON          (`siteusers`.`id` = `siteusers_ml`.`id`  AND  `siteusers_ml`.`lng_id`=7)  
				        		 
		                   WHERE  `brand`.`alias` = 'man' AND  `model`.`alias` = 'man_14272' 
===========================

ERROR NO 	777
ERROR MESSAGE / OR DURATION  
5.53576302528
===========================

File => /home/transinf/public_html/cls/Core/db.class.php	 LINE 	60
File => /home/transinf/public_html/cls/Core/db.class.php	 LINE 	390
File => /home/transinf/public_html/cls/Front/front.class.php	 LINE 	181
File => /home/transinf/public_html/cls/Content/feCars.class.php	 LINE 	308
File => /home/transinf/public_html/cls/Content/feCars.class.php	 LINE 	40
File => /home/transinf/public_html/cls/Front/front.class.php	 LINE 	82
File => /home/transinf/public_html/index.php	 LINE 	10