QUERY 
 		SELECT 	 
							                
								  offers.*,
								  brand.alias as brandalias,
								  model.alias as modelalias,
								  CONCAT( brand.label,' ',model.label) as `brandmodel`,
				                  siteusers.login as login,
				                  siteusers.name  as saler,
				                  siteusers_ml.description as user_description,
				                  siteusers_ml.addres as user_addres
				                  
				                  
				                  
				        FROM offers
				                  inner JOIN brandmodel    as brand   ON          (`brand`.`id` = `offers`.`filed_car_brand` )
				                  LEFT JOIN brandmodel    as model   ON          (`model`.`id` = `offers`.`filed_car_brand_model` )
				        		  LEFT JOIN siteusers       ON          (`siteusers`.`id` = `offers`.`siteuser` )
				                  LEFT JOIN siteusers_ml    ON          (`siteusers`.`id` = `siteusers_ml`.`id`  AND  `siteusers_ml`.`lng_id`=7)
		                   WHERE  `brand`.`alias` = 'mercedes-benz' AND  `model`.`alias` = 'clk-class'  ORDER BY brandmodel DESC  LIMIT 0, 10 
===========================

ERROR NO 	
ERROR MESSAGE / OR DURATION  
Got error 28 from storage engine
===========================

File => /home/transinf/public_html/cls/Core/db.class.php	 LINE 	67
File => /home/transinf/public_html/cls/Core/db.class.php	 LINE 	369
File => /home/transinf/public_html/cls/Front/front.class.php	 LINE 	251
File => /home/transinf/public_html/cls/Content/feCars.class.php	 LINE 	308
File => /home/transinf/public_html/cls/Content/feCars.class.php	 LINE 	40
File => /home/transinf/public_html/cls/Front/front.class.php	 LINE 	82
File => /home/transinf/public_html/index.php	 LINE 	10